2024/01/30  03:18:42	82e238da-5d1e-4b95-ad57-c774a822469e	GET	/	https://www.youtube.com
2024/02/02  08:09:11	6e550da3-390a-4622-bb3b-c852a5802eae	GET	/	undefined
2024/02/02  08:10:31	6e987d34-0266-4db2-a930-2f026f69fd54	GET	/	undefined
2024/02/02  08:11:14	fbc94fe9-ee29-45e9-84ad-9139daad2b60	GET	/	undefined
2024/02/02  08:11:46	bf9f6449-518c-478a-a725-a5853e26ae1d	GET	/	undefined
2024/02/02  08:11:59	0dbb9d21-9509-4b93-a882-0f49cef51617	GET	/	undefined
2024/02/02  08:12:05	a0036cc5-ee68-4fc7-9d2b-f52cc5341270	GET	/	undefined
2024/02/02  08:14:13	a7dfdf43-8557-4145-94b8-c93b3e4aac9a	GET	/hellothere	undefined
2024/02/02  08:14:41	3c733b22-460b-4c11-bb50-f81751ad1ff8	GET	/hellothere	undefined
2024/02/02  08:15:00	20c058d8-a425-4447-abac-ed349e21ce8c	GET	/	undefined
2024/02/02  08:15:00	3c27a6ef-f559-4afe-931e-373223836abc	GET	/css/style.css	undefined
2024/02/02  08:15:00	fb0dc677-737b-4a8f-b3d4-636a26c1f5d6	GET	/favicon.ico	undefined
2024/02/02  08:15:14	3b39f444-5d64-4690-96c5-c2e344e95115	GET	/	undefined
2024/02/02  08:15:24	94066c58-52cb-4e15-bdd1-5d912381de22	GET	/hellothere	undefined
2024/02/06  12:36:43	40cc78ed-6fe3-458c-b486-941f9882ba5e	GET	/	www.google.com
2024/02/06  12:37:34	a1233872-3019-46cc-abc7-ed27a9d8b30c	GET	/	www.google.com
2024/02/06  12:41:07	26cec5dd-2811-429f-b8e1-d57a0fd8fe79	GET	/	www.google.com
2024/02/06  12:46:27	457a5417-7b41-43a9-982f-12632f045545	GET	/	www.google.com
2024/02/06  12:46:30	6bd69d65-83d7-4435-9b6b-75f2d4b7de76	GET	/	www.google.com
2024/02/06  12:46:54	f1e61fd9-6aee-43c8-b80f-3c516c091432	GET	/	www.google.com
2024/02/06  12:47:40	48258134-24ea-4829-970f-963247d4f9ec	GET	/	www.google.com
2024/02/06  12:48:25	80ecb64e-64cd-4723-89b3-e717a8d755fd	GET	/	www.google.com
2024/02/06  12:48:44	7977e18f-a562-40e4-985b-07fc4968b4f6	GET	/	www.google.com
2024/02/06  12:49:21	d9a90636-53f1-405f-9636-9fceb426e4eb	GET	/	www.google.com
2024/02/06  12:49:36	188c5c2e-2701-4fe0-bdd1-754a285b88d1	GET	/	www.google.com
2024/02/06  12:49:40	74cad23f-6569-44ab-b891-1d2550448f57	GET	/	www.google.com
2024/02/06  12:54:29	247dfa60-7987-4dca-b1be-a32c87172cd2	GET	/	www.google.com
2024/02/06  12:54:45	995f73c3-3181-43ec-9f51-c3f982058a82	GET	/	www.google.com
2024/02/06  01:46:22	b68f614a-8546-4aa1-b064-dd617699de46	GET	/	www.google.com
2024/02/06  01:46:28	e6491a3b-4e41-4ad4-9b2c-7b30e61ba40f	GET	/	www.google.com
2024/02/06  01:48:27	afef71c5-0ef6-4935-a836-5600372cad03	GET	/	www.google.com
2024/02/06  01:50:38	de69ca64-06a8-468b-b26d-ebe7e2eb43e2	GET	/	www.google.com
2024/02/06  01:50:57	f2be89d3-54c8-4327-9105-0e67ca8a2db7	GET	/	www.google.com
2024/02/06  01:51:23	97fd06d3-fb89-4433-93db-451b50e10fa8	GET	/	www.google.com
2024/02/06  01:51:58	2f43cbf8-6e76-4e44-ba0d-6e513e193cd0	GET	/	www.google.com
2024/02/06  01:52:53	87596bb4-03be-4e81-ac3d-8cdd0fcf65f1	GET	/	www.google.com
2024/02/06  01:58:35	03dd1a86-a749-46f8-8300-3184ccd8d563	GET	/	www.google.com
2024/02/06  01:58:40	ea9c5a68-6af8-49af-8206-2024b4f8a509	GET	/	www.google.com
2024/02/06  02:04:54	02fa407e-d867-4751-9c38-dc7c83e1e13c	GET	/	www.google.com
2024/02/06  02:05:19	8294f312-fd73-4203-997b-0590a2c60e8d	GET	/	www.google.com
2024/02/06  02:05:36	0d2051ef-febb-4b82-a3e2-c065a149fd90	GET	/	www.google.com
2024/02/06  02:13:10	36338141-ae3b-454d-8c17-1054b014626f	GET	/	www.google.com
2024/02/06  05:19:25	d0127b6c-846a-489c-852a-4cdbeff13827	GET	/	undefined
2024/02/06  05:19:59	b076f323-9ff9-4ffd-aae7-6e2f55b1a99c	GET	/	undefined
2024/02/06  05:21:05	3825bc76-5804-46b4-a367-570d497a462c	GET	/	www.google.com
2024/02/06  05:21:20	3701e5ac-7b5c-403f-a0da-d99f4bec1d45	GET	/	undefined
2024/02/06  05:22:09	443af2d8-bc02-4dd2-b5eb-6a9e4b9f1bd9	GET	/	undefined
2024/02/06  05:24:02	52a35733-4ece-41eb-91d3-2fdbeb8501c5	GET	/	undefined
2024/02/06  05:24:32	f3ddc978-37dd-4822-b8a5-1a58a7265866	GET	/	undefined
2024/02/06  05:24:32	f718f0ae-e1cd-4d03-8ed3-9198774601c2	GET	/favicon.ico	undefined
2024/02/06  05:36:02	a25bd67a-3e02-4730-83ac-03eb7a8b7bda	GET	/	undefined
2024/02/06  05:36:02	daf38fbf-2f2c-4662-bf1c-7fcd604a8246	GET	/favicon.ico	undefined
2024/02/06  05:36:10	471b1fa9-70ac-4d52-a743-b5f78ac60d3e	GET	/	www.google.com
